The target system is: Generic - 2.1.99 - arm
The host system is: Darwin - 19.4.0 - x86_64
Compiling the C compiler identification source file "CMakeCCompilerId.c" succeeded.
Compiler: /usr/local/gnuarmemb/bin/arm-none-eabi-gcc 
Build flags: 
Id flags: -c 

The output was:
0


Compilation of the C compiler identification source "CMakeCCompilerId.c" produced "CMakeCCompilerId.o"

The C compiler identification is GNU, found in "/Users/crfosse/nordic/ncs/dt_app/coap_telenor/build/spm/CMakeFiles/3.17.1/CompilerIdC/CMakeCCompilerId.o"

Compiling the CXX compiler identification source file "CMakeCXXCompilerId.cpp" succeeded.
Compiler: /usr/local/gnuarmemb/bin/arm-none-eabi-g++ 
Build flags: 
Id flags: -c 

The output was:
0


Compilation of the CXX compiler identification source "CMakeCXXCompilerId.cpp" produced "CMakeCXXCompilerId.o"

The CXX compiler identification is GNU, found in "/Users/crfosse/nordic/ncs/dt_app/coap_telenor/build/spm/CMakeFiles/3.17.1/CompilerIdCXX/CMakeCXXCompilerId.o"

Checking whether the ASM compiler is GNU using "--version" matched "(GNU assembler)|(GCC)|(Free Software Foundation)":
arm-none-eabi-gcc (GNU Tools for Arm Embedded Processors 8-2019-q3-update) 8.3.1 20190703 (release) [gcc-8-branch revision 273027]
Copyright (C) 2018 Free Software Foundation, Inc.
This is free software; see the source for copying conditions.  There is NO
warranty; not even for MERCHANTABILITY or FITNESS FOR A PARTICULAR PURPOSE.

Performing C SOURCE FILE Test check_C__nostartfiles__nostdlib__isystem___usr_local_gnuarmemb_bin____lib_gcc_arm_none_eabi_8_3_1_include___isystem___usr_local_gnuarmemb_bin____lib_gcc_arm_none_eabi_8_3_1_include_fixed___Wl___unresolved_symbols_ignore_in_object_files__Wl___entry_0__Wl___out_implib__Users_crfosse_nordic_ncs_dt_app_coap_telenor_build_spm_libspmsecureentries_a succeeded with the following output:
Change Dir: /Users/crfosse/nordic/ncs/dt_app/coap_telenor/build/spm/CMakeFiles/CMakeTmp

Run Build Command(s):/usr/local/bin/ninja cmTC_58d38 && [1/2] Building C object CMakeFiles/cmTC_58d38.dir/src.c.obj
[2/2] Linking C executable cmTC_58d38


Source file was:
int main(void) { return 0; }
